<?xml version="1.0" encoding="UTF-8"?>
<testsuites>
  <testsuite name="C:\Users\Batface Jenkins\testproject\phpunit.xml" tests="25" assertions="61" errors="0" failures="0" skipped="0" time="17.128806">
    <testsuite name="Unit" tests="1" assertions="1" errors="0" failures="0" skipped="0" time="0.016213">
      <testsuite name="Tests\Unit\ExampleTest" file="C:\Users\Batface Jenkins\testproject\tests\Unit\ExampleTest.php" tests="1" assertions="1" errors="0" failures="0" skipped="0" time="0.016213">
        <testcase name="test_that_true_is_true" file="C:\Users\Batface Jenkins\testproject\tests\Unit\ExampleTest.php" line="12" class="Tests\Unit\ExampleTest" classname="Tests.Unit.ExampleTest" assertions="1" time="0.016213"/>
      </testsuite>
    </testsuite>
    <testsuite name="Feature" tests="24" assertions="60" errors="0" failures="0" skipped="0" time="17.112594">
      <testsuite name="Tests\Feature\Auth\AuthenticationTest" file="C:\Users\Batface Jenkins\testproject\tests\Feature\Auth\AuthenticationTest.php" tests="4" assertions="8" errors="0" failures="0" skipped="0" time="12.733273">
        <testcase name="test_login_screen_can_be_rendered" file="C:\Users\Batface Jenkins\testproject\tests\Feature\Auth\AuthenticationTest.php" line="13" class="Tests\Feature\Auth\AuthenticationTest" classname="Tests.Feature.Auth.AuthenticationTest" assertions="1" time="9.917555"/>
        <testcase name="test_users_can_authenticate_using_the_login_screen" file="C:\Users\Batface Jenkins\testproject\tests\Feature\Auth\AuthenticationTest.php" line="20" class="Tests\Feature\Auth\AuthenticationTest" classname="Tests.Feature.Auth.AuthenticationTest" assertions="3" time="1.919400"/>
        <testcase name="test_users_can_not_authenticate_with_invalid_password" file="C:\Users\Batface Jenkins\testproject\tests\Feature\Auth\AuthenticationTest.php" line="33" class="Tests\Feature\Auth\AuthenticationTest" classname="Tests.Feature.Auth.AuthenticationTest" assertions="1" time="0.742483"/>
        <testcase name="test_users_can_logout" file="C:\Users\Batface Jenkins\testproject\tests\Feature\Auth\AuthenticationTest.php" line="45" class="Tests\Feature\Auth\AuthenticationTest" classname="Tests.Feature.Auth.AuthenticationTest" assertions="3" time="0.153835"/>
      </testsuite>
      <testsuite name="Tests\Feature\Auth\EmailVerificationTest" file="C:\Users\Batface Jenkins\testproject\tests\Feature\Auth\EmailVerificationTest.php" tests="3" assertions="6" errors="0" failures="0" skipped="0" time="0.554104">
        <testcase name="test_email_verification_screen_can_be_rendered" file="C:\Users\Batface Jenkins\testproject\tests\Feature\Auth\EmailVerificationTest.php" line="16" class="Tests\Feature\Auth\EmailVerificationTest" classname="Tests.Feature.Auth.EmailVerificationTest" assertions="1" time="0.109357"/>
        <testcase name="test_email_can_be_verified" file="C:\Users\Batface Jenkins\testproject\tests\Feature\Auth\EmailVerificationTest.php" line="25" class="Tests\Feature\Auth\EmailVerificationTest" classname="Tests.Feature.Auth.EmailVerificationTest" assertions="4" time="0.200991"/>
        <testcase name="test_email_is_not_verified_with_invalid_hash" file="C:\Users\Batface Jenkins\testproject\tests\Feature\Auth\EmailVerificationTest.php" line="44" class="Tests\Feature\Auth\EmailVerificationTest" classname="Tests.Feature.Auth.EmailVerificationTest" assertions="1" time="0.243756"/>
      </testsuite>
      <testsuite name="Tests\Feature\Auth\PasswordConfirmationTest" file="C:\Users\Batface Jenkins\testproject\tests\Feature\Auth\PasswordConfirmationTest.php" tests="3" assertions="4" errors="0" failures="0" skipped="0" time="0.610491">
        <testcase name="test_confirm_password_screen_can_be_rendered" file="C:\Users\Batface Jenkins\testproject\tests\Feature\Auth\PasswordConfirmationTest.php" line="13" class="Tests\Feature\Auth\PasswordConfirmationTest" classname="Tests.Feature.Auth.PasswordConfirmationTest" assertions="1" time="0.137549"/>
        <testcase name="test_password_can_be_confirmed" file="C:\Users\Batface Jenkins\testproject\tests\Feature\Auth\PasswordConfirmationTest.php" line="22" class="Tests\Feature\Auth\PasswordConfirmationTest" classname="Tests.Feature.Auth.PasswordConfirmationTest" assertions="2" time="0.142388"/>
        <testcase name="test_password_is_not_confirmed_with_invalid_password" file="C:\Users\Batface Jenkins\testproject\tests\Feature\Auth\PasswordConfirmationTest.php" line="34" class="Tests\Feature\Auth\PasswordConfirmationTest" classname="Tests.Feature.Auth.PasswordConfirmationTest" assertions="1" time="0.330554"/>
      </testsuite>
      <testsuite name="Tests\Feature\Auth\PasswordResetTest" file="C:\Users\Batface Jenkins\testproject\tests\Feature\Auth\PasswordResetTest.php" tests="4" assertions="8" errors="0" failures="0" skipped="0" time="1.444414">
        <testcase name="test_reset_password_link_screen_can_be_rendered" file="C:\Users\Batface Jenkins\testproject\tests\Feature\Auth\PasswordResetTest.php" line="15" class="Tests\Feature\Auth\PasswordResetTest" classname="Tests.Feature.Auth.PasswordResetTest" assertions="1" time="0.106235"/>
        <testcase name="test_reset_password_link_can_be_requested" file="C:\Users\Batface Jenkins\testproject\tests\Feature\Auth\PasswordResetTest.php" line="22" class="Tests\Feature\Auth\PasswordResetTest" classname="Tests.Feature.Auth.PasswordResetTest" assertions="1" time="0.908667"/>
        <testcase name="test_reset_password_screen_can_be_rendered" file="C:\Users\Batface Jenkins\testproject\tests\Feature\Auth\PasswordResetTest.php" line="33" class="Tests\Feature\Auth\PasswordResetTest" classname="Tests.Feature.Auth.PasswordResetTest" assertions="2" time="0.196937"/>
        <testcase name="test_password_can_be_reset_with_valid_token" file="C:\Users\Batface Jenkins\testproject\tests\Feature\Auth\PasswordResetTest.php" line="50" class="Tests\Feature\Auth\PasswordResetTest" classname="Tests.Feature.Auth.PasswordResetTest" assertions="4" time="0.232574"/>
      </testsuite>
      <testsuite name="Tests\Feature\Auth\PasswordUpdateTest" file="C:\Users\Batface Jenkins\testproject\tests\Feature\Auth\PasswordUpdateTest.php" tests="2" assertions="8" errors="0" failures="0" skipped="0" time="0.291249">
        <testcase name="test_password_can_be_updated" file="C:\Users\Batface Jenkins\testproject\tests\Feature\Auth\PasswordUpdateTest.php" line="14" class="Tests\Feature\Auth\PasswordUpdateTest" classname="Tests.Feature.Auth.PasswordUpdateTest" assertions="4" time="0.112667"/>
        <testcase name="test_correct_password_must_be_provided_to_update_password" file="C:\Users\Batface Jenkins\testproject\tests\Feature\Auth\PasswordUpdateTest.php" line="34" class="Tests\Feature\Auth\PasswordUpdateTest" classname="Tests.Feature.Auth.PasswordUpdateTest" assertions="4" time="0.178582"/>
      </testsuite>
      <testsuite name="Tests\Feature\Auth\RegistrationTest" file="C:\Users\Batface Jenkins\testproject\tests\Feature\Auth\RegistrationTest.php" tests="2" assertions="4" errors="0" failures="0" skipped="0" time="0.252932">
        <testcase name="test_registration_screen_can_be_rendered" file="C:\Users\Batface Jenkins\testproject\tests\Feature\Auth\RegistrationTest.php" line="12" class="Tests\Feature\Auth\RegistrationTest" classname="Tests.Feature.Auth.RegistrationTest" assertions="1" time="0.105149"/>
        <testcase name="test_new_users_can_register" file="C:\Users\Batface Jenkins\testproject\tests\Feature\Auth\RegistrationTest.php" line="19" class="Tests\Feature\Auth\RegistrationTest" classname="Tests.Feature.Auth.RegistrationTest" assertions="3" time="0.147783"/>
      </testsuite>
      <testsuite name="Tests\Feature\ExampleTest" file="C:\Users\Batface Jenkins\testproject\tests\Feature\ExampleTest.php" tests="1" assertions="1" errors="0" failures="0" skipped="0" time="0.092070">
        <testcase name="test_the_application_returns_a_successful_response" file="C:\Users\Batface Jenkins\testproject\tests\Feature\ExampleTest.php" line="13" class="Tests\Feature\ExampleTest" classname="Tests.Feature.ExampleTest" assertions="1" time="0.092070"/>
      </testsuite>
      <testsuite name="Tests\Feature\ProfileTest" file="C:\Users\Batface Jenkins\testproject\tests\Feature\ProfileTest.php" tests="5" assertions="21" errors="0" failures="0" skipped="0" time="1.134061">
        <testcase name="test_profile_page_is_displayed" file="C:\Users\Batface Jenkins\testproject\tests\Feature\ProfileTest.php" line="13" class="Tests\Feature\ProfileTest" classname="Tests.Feature.ProfileTest" assertions="1" time="0.502349"/>
        <testcase name="test_profile_information_can_be_updated" file="C:\Users\Batface Jenkins\testproject\tests\Feature\ProfileTest.php" line="24" class="Tests\Feature\ProfileTest" classname="Tests.Feature.ProfileTest" assertions="6" time="0.223499"/>
        <testcase name="test_email_verification_status_is_unchanged_when_the_email_address_is_unchanged" file="C:\Users\Batface Jenkins\testproject\tests\Feature\ProfileTest.php" line="46" class="Tests\Feature\ProfileTest" classname="Tests.Feature.ProfileTest" assertions="4" time="0.143506"/>
        <testcase name="test_user_can_delete_their_account" file="C:\Users\Batface Jenkins\testproject\tests\Feature\ProfileTest.php" line="64" class="Tests\Feature\ProfileTest" classname="Tests.Feature.ProfileTest" assertions="5" time="0.143625"/>
        <testcase name="test_correct_password_must_be_provided_to_delete_account" file="C:\Users\Batface Jenkins\testproject\tests\Feature\ProfileTest.php" line="82" class="Tests\Feature\ProfileTest" classname="Tests.Feature.ProfileTest" assertions="5" time="0.121082"/>
      </testsuite>
    </testsuite>
  </testsuite>
</testsuites>
